c:\users\lbarc\desktop\rugburn-master\obj\win32\release\vc145.pdb
c:\users\lbarc\desktop\rugburn-master\obj\win32\release\src\ld.obj
c:\users\lbarc\desktop\rugburn-master\obj\win32\release\src\regex.obj
c:\users\lbarc\desktop\rugburn-master\obj\win32\release\src\patch.obj
c:\users\lbarc\desktop\rugburn-master\obj\win32\release\src\json.obj
c:\users\lbarc\desktop\rugburn-master\obj\win32\release\src\ijl15.obj
c:\users\lbarc\desktop\rugburn-master\obj\win32\release\src\hex.obj
c:\users\lbarc\desktop\rugburn-master\obj\win32\release\src\config.obj
c:\users\lbarc\desktop\rugburn-master\obj\win32\release\src\common.obj
c:\users\lbarc\desktop\rugburn-master\obj\win32\release\src\dll\rugburn\anticheat.obj
c:\users\lbarc\desktop\rugburn-master\obj\win32\release\src\dll\rugburn\main.obj
c:\users\lbarc\desktop\rugburn-master\obj\win32\release\src\hooks\ole32\web_browser.obj
c:\users\lbarc\desktop\rugburn-master\obj\win32\release\src\hooks\comctl32\dynamic_patch.obj
c:\users\lbarc\desktop\rugburn-master\obj\win32\release\src\hooks\hooks.obj
c:\users\lbarc\desktop\rugburn-master\obj\win32\release\src\hooks\kernel32\inject.obj
c:\users\lbarc\desktop\rugburn-master\obj\win32\release\src\hooks\user32\window.obj
c:\users\lbarc\desktop\rugburn-master\obj\win32\release\src\hooks\wininet\netredir.obj
c:\users\lbarc\desktop\rugburn-master\obj\win32\release\src\hooks\ws2_32\redir.obj
c:\users\lbarc\desktop\rugburn-master\obj\win32\release\src\hooks\msvcr100\msvcr100.obj
c:\users\lbarc\desktop\rugburn-master\obj\win32\release\src\hooks\projectg\us852\ranking.obj
c:\users\lbarc\desktop\rugburn-master\out\win32\release\stubs.obj
c:\users\lbarc\desktop\rugburn-master\out\win32\release\ijl15.dll
c:\users\lbarc\desktop\rugburn-master\out\win32\release\ijl15.pdb
c:\users\lbarc\desktop\rugburn-master\out\win32\release\ijl15.lib
c:\users\lbarc\desktop\rugburn-master\out\win32\release\ijl15.exp
c:\users\lbarc\desktop\rugburn-master\obj\win32\release\rugburn.vcxproj.filelistabsolute.txt
c:\users\lbarc\desktop\rugburn-master\obj\win32\release\rugburn.tlog\cl.command.1.tlog
c:\users\lbarc\desktop\rugburn-master\obj\win32\release\rugburn.tlog\cl.items.tlog
c:\users\lbarc\desktop\rugburn-master\obj\win32\release\rugburn.tlog\cl.read.1.tlog
c:\users\lbarc\desktop\rugburn-master\obj\win32\release\rugburn.tlog\cl.write.1.tlog
c:\users\lbarc\desktop\rugburn-master\obj\win32\release\rugburn.tlog\custombuild.command.1.tlog
c:\users\lbarc\desktop\rugburn-master\obj\win32\release\rugburn.tlog\custombuild.read.1.tlog
c:\users\lbarc\desktop\rugburn-master\obj\win32\release\rugburn.tlog\custombuild.write.1.tlog
c:\users\lbarc\desktop\rugburn-master\obj\win32\release\rugburn.tlog\link.command.1.tlog
c:\users\lbarc\desktop\rugburn-master\obj\win32\release\rugburn.tlog\link.read.1.tlog
c:\users\lbarc\desktop\rugburn-master\obj\win32\release\rugburn.tlog\link.secondary.1.tlog
c:\users\lbarc\desktop\rugburn-master\obj\win32\release\rugburn.tlog\link.write.1.tlog
